[2023-02-26T16:42:17.013] [INFO] PROD - Route: /infoGzip/, Method: GET
[2023-02-26T16:42:47.249] [INFO] PROD - Route: /infoGzip/, Method: GET
[2023-02-26T16:42:54.842] [INFO] PROD - Route: /info/, Method: GET
[2023-02-26T16:58:14.281] [INFO] PROD - Route: /api/randomNumbers, Method: GET
[2023-02-26T16:58:14.282] [ERROR] PROD - Route: /api/randomNumbers, Method: GET, ErrorMessage: quantity not specified
[2023-02-26T17:00:32.252] [INFO] PROD - Route: /api/randomNumbers?quantity=4000, Method: GET
[2023-02-26T17:01:41.159] [INFO] PROD - Route: /api/randomNumbers, Method: GET
[2023-02-26T17:01:41.160] [ERROR] PROD - Route: /api/randomNumbers, Method: GET, ErrorMessage: quantity not specified
[2023-02-26T17:01:56.382] [INFO] PROD - Route: /api/randomNumbers?quantity=4000, Method: GET
[2023-02-26T17:07:00.665] [WARN] PROD - Route: /dadad, Method: GET, ErrorMessage: nonexistent route
[2023-02-26T17:07:56.194] [WARN] PROD - Route: /dadad, Method: GET, ErrorMessage: nonexistent route
[2023-02-26T17:13:28.934] [INFO] PROD - Route: /info, Method: GET
[2023-02-26T17:13:28.942] [INFO] PROD - Route: /info, Method: GET
[2023-02-26T17:13:28.944] [INFO] PROD - Route: /info, Method: GET
[2023-02-26T17:13:28.946] [INFO] PROD - Route: /info, Method: GET
[2023-02-26T17:13:28.947] [INFO] PROD - Route: /info, Method: GET
[2023-02-26T17:13:28.949] [INFO] PROD - Route: /info, Method: GET
[2023-02-26T17:13:28.950] [INFO] PROD - Route: /info, Method: GET
[2023-02-26T17:13:28.952] [INFO] PROD - Route: /info, Method: GET
[2023-02-26T17:13:28.954] [INFO] PROD - Route: /info, Method: GET
[2023-02-26T17:13:28.956] [INFO] PROD - Route: /info, Method: GET
[2023-02-26T17:13:29.131] [INFO] PROD - Route: /info, Method: GET
[2023-02-26T17:13:29.135] [INFO] PROD - Route: /info, Method: GET
[2023-02-26T17:13:29.136] [INFO] PROD - Route: /info, Method: GET
[2023-02-26T17:13:29.138] [INFO] PROD - Route: /info, Method: GET
[2023-02-26T17:13:29.139] [INFO] PROD - Route: /info, Method: GET
[2023-02-26T17:13:29.140] [INFO] PROD - Route: /info, Method: GET
[2023-02-26T17:13:29.142] [INFO] PROD - Route: /info, Method: GET
[2023-02-26T17:13:29.143] [INFO] PROD - Route: /info, Method: GET
[2023-02-26T17:13:29.144] [INFO] PROD - Route: /info, Method: GET
[2023-02-26T17:13:29.145] [INFO] PROD - Route: /info, Method: GET
[2023-02-26T17:13:29.319] [INFO] PROD - Route: /info, Method: GET
[2023-02-26T17:13:29.320] [INFO] PROD - Route: /info, Method: GET
[2023-02-26T17:13:29.321] [INFO] PROD - Route: /info, Method: GET
[2023-02-26T17:13:29.322] [INFO] PROD - Route: /info, Method: GET
[2023-02-26T17:13:29.323] [INFO] PROD - Route: /info, Method: GET
[2023-02-26T17:13:29.324] [INFO] PROD - Route: /info, Method: GET
[2023-02-26T17:13:29.325] [INFO] PROD - Route: /info, Method: GET
[2023-02-26T17:13:29.326] [INFO] PROD - Route: /info, Method: GET
[2023-02-26T17:13:29.327] [INFO] PROD - Route: /info, Method: GET
[2023-02-26T17:13:29.328] [INFO] PROD - Route: /info, Method: GET
[2023-02-26T17:13:29.525] [INFO] PROD - Route: /info, Method: GET
[2023-02-26T17:13:29.530] [INFO] PROD - Route: /info, Method: GET
[2023-02-26T17:13:29.533] [INFO] PROD - Route: /info, Method: GET
[2023-02-26T17:13:29.536] [INFO] PROD - Route: /info, Method: GET
[2023-02-26T17:13:29.539] [INFO] PROD - Route: /info, Method: GET
[2023-02-26T17:13:29.541] [INFO] PROD - Route: /info, Method: GET
[2023-02-26T17:13:29.543] [INFO] PROD - Route: /info, Method: GET
[2023-02-26T17:13:29.546] [INFO] PROD - Route: /info, Method: GET
[2023-02-26T17:13:29.548] [INFO] PROD - Route: /info, Method: GET
[2023-02-26T17:13:29.550] [INFO] PROD - Route: /info, Method: GET
[2023-02-26T17:13:29.719] [INFO] PROD - Route: /info, Method: GET
[2023-02-26T17:13:29.720] [INFO] PROD - Route: /info, Method: GET
[2023-02-26T17:13:29.721] [INFO] PROD - Route: /info, Method: GET
[2023-02-26T17:13:29.722] [INFO] PROD - Route: /info, Method: GET
[2023-02-26T17:13:29.722] [INFO] PROD - Route: /info, Method: GET
[2023-02-26T17:13:29.723] [INFO] PROD - Route: /info, Method: GET
[2023-02-26T17:13:29.724] [INFO] PROD - Route: /info, Method: GET
[2023-02-26T17:13:29.725] [INFO] PROD - Route: /info, Method: GET
[2023-02-26T17:13:29.726] [INFO] PROD - Route: /info, Method: GET
[2023-02-26T17:13:29.727] [INFO] PROD - Route: /info, Method: GET
[2023-04-04T15:42:51.433] [WARN] PROD - Route: /, Method: GET, ErrorMessage: nonexistent route
[2023-04-04T15:42:52.003] [WARN] PROD - Route: /, Method: GET, ErrorMessage: nonexistent route
[2023-04-04T15:43:20.647] [INFO] PROD - Route: /info, Method: GET
[2023-04-08T12:05:56.356] [WARN] PROD - Route: /, Method: GET, ErrorMessage: nonexistent route
[2023-04-08T12:05:56.740] [WARN] PROD - Route: /, Method: GET, ErrorMessage: nonexistent route
[2023-04-08T12:06:28.883] [INFO] PROD - Route: /api/randomNumbers, Method: GET
[2023-04-08T12:07:37.388] [INFO] PROD - Route: /api/randomNumbers, Method: GET
[2023-04-08T12:17:40.741] [INFO] PROD - Route: /api/randomNumbers, Method: GET
[2023-04-08T12:17:44.746] [INFO] PROD - Route: /api/randomNumbers?quantity=4000, Method: GET
[2023-04-08T12:19:43.235] [INFO] PROD - Route: /api/randomNumbers?quantity=4000, Method: GET
[2023-04-08T12:20:53.207] [INFO] PROD - Route: /api/randomNumbers?quantity=4000, Method: GET
[2023-04-08T12:21:30.397] [INFO] PROD - Route: /api/randomNumbers?quantity=4000, Method: GET
[2023-04-08T12:22:40.123] [INFO] PROD - Route: /api/randomNumbers?quantity=4000, Method: GET
[2023-04-08T12:49:19.661] [INFO] PROD - Route: /api/randomNumbers?quantity=4000, Method: GET
[2023-04-08T12:50:28.018] [INFO] PROD - Route: /api/randomNumbers?quantity=4000, Method: GET
[2023-04-08T12:51:30.387] [INFO] PROD - Route: /api/randomNumbers?quantity=4000, Method: GET
[2023-04-08T12:52:18.198] [INFO] PROD - Route: /api/randomNumbers?quantity=4000, Method: GET
[2023-04-08T12:52:35.432] [INFO] PROD - Route: /api/randomNumbers, Method: GET
[2023-04-08T12:53:36.532] [INFO] PROD - Route: /api/randomNumbers, Method: GET
[2023-04-08T12:54:00.183] [INFO] PROD - Route: /api/randomNumbers, Method: GET
[2023-04-08T12:56:20.424] [INFO] PROD - Route: /api/randomNumbers, Method: GET
[2023-04-08T12:56:54.232] [INFO] PROD - Route: /api/randomNumbers, Method: GET
[2023-04-08T12:57:15.293] [INFO] PROD - Route: /api/randomNumbers, Method: GET
[2023-04-08T12:57:38.509] [INFO] PROD - Route: /api/randomNumbers?quantity=4000, Method: GET
[2023-04-08T12:58:31.198] [INFO] PROD - Route: /api/randomNumbers?quantity=4000, Method: GET
[2023-04-08T13:01:16.352] [INFO] PROD - Route: /api/randomNumbers?quantity=4000, Method: GET
[2023-04-08T13:01:29.889] [INFO] PROD - Route: /api/randomNumbers, Method: GET
[2023-04-08T13:02:04.016] [INFO] PROD - Route: /api/randomNumbers, Method: GET
[2023-04-08T13:05:11.509] [INFO] PROD - Route: /api/randomNumbers, Method: GET
[2023-04-08T13:06:38.313] [INFO] PROD - Route: /api/randomNumbers, Method: GET
[2023-04-08T13:06:52.244] [INFO] PROD - Route: /api/randomNumbers, Method: GET
[2023-04-08T13:07:00.731] [INFO] PROD - Route: /api/randomNumbers, Method: GET
[2023-04-08T13:07:35.037] [INFO] PROD - Route: /api/randomNumbers, Method: GET
[2023-04-08T13:07:35.537] [INFO] PROD - Route: /api/randomNumbers, Method: GET
[2023-04-08T13:07:53.635] [INFO] PROD - Route: /api/randomNumbers, Method: GET
[2023-04-08T13:08:25.411] [INFO] PROD - Route: /api/randomNumbers, Method: GET
[2023-04-08T13:08:51.919] [INFO] PROD - Route: /api/randomNumbers?quantity=4000, Method: GET
[2023-04-08T13:09:09.711] [INFO] PROD - Route: /api/randomNumbers?quantity=4000, Method: GET
[2023-04-08T13:10:09.849] [INFO] PROD - Route: /api/randomNumbers?quantity=0, Method: GET
[2023-04-08T13:10:20.672] [INFO] PROD - Route: /api/randomNumbers, Method: GET
[2023-04-08T13:10:48.897] [INFO] PROD - Route: /api/randomNumbers?quantity=0, Method: GET
[2023-04-08T13:11:29.668] [INFO] PROD - Route: /api/randomNumbers?quantity=0, Method: GET
[2023-04-08T13:11:39.919] [INFO] PROD - Route: /api/randomNumbers?quantity=10, Method: GET
[2023-04-08T13:11:54.546] [INFO] PROD - Route: /api/randomNumbers?quantity=500, Method: GET
[2023-04-08T13:11:59.352] [INFO] PROD - Route: /api/randomNumbers?quantity=50000, Method: GET
[2023-04-08T13:12:02.864] [INFO] PROD - Route: /api/randomNumbers?quantity=50000, Method: GET
[2023-04-08T13:12:11.281] [INFO] PROD - Route: /api/randomNumbers?quantity=50000, Method: GET
[2023-04-08T13:18:42.925] [INFO] PROD - Route: /api/randomNumbers?quantity=5000, Method: GET
[2023-04-08T13:18:50.511] [INFO] PROD - Route: /api/randomNumbers?quantity=5000, Method: GET
[2023-04-08T13:18:53.101] [INFO] PROD - Route: /api/randomNumbers?, Method: GET
[2023-04-08T13:18:58.504] [INFO] PROD - Route: /api/randomNumbers?quantity=4000, Method: GET
[2023-04-08T13:19:15.648] [INFO] PROD - Route: /api/randomNumbers?quantity=4000, Method: GET
[2023-04-08T13:20:04.404] [INFO] PROD - Route: /api/randomNumbers, Method: GET
[2023-04-08T13:20:10.679] [INFO] PROD - Route: /api/randomNumbers?quantity=4000, Method: GET
[2023-04-08T13:20:23.250] [INFO] PROD - Route: /api/randomNumbers?quantity=4000, Method: GET
[2023-04-08T13:20:48.582] [INFO] PROD - Route: /api/randomNumbers?quantity=4000, Method: GET
[2023-04-08T13:21:31.697] [INFO] PROD - Route: /api/randomNumbers?quantity=4000, Method: GET
[2023-04-08T13:21:44.976] [INFO] PROD - Route: /api/randomNumbers?quantity=4000, Method: GET
